Se inicia la aplicación.
Creación de la ventana de login
Se registran los listeners.
Se inicia la carga de parametros para conectar con la BD.
Recuperación de los datos para la conexión con la BD
Se intenta leer el archivo de propiedades cfg/conexionBD.properties
se cargó exitosamente
Parámetros de conexión: jdbc:mysql://localhost:3306/vuelos?useSSL=false&allowPublicKeyRetrieval=true&serverTimezone=America/Argentina/Buenos_Aires
Se inicializa la ventana de login.
se registra el controlador.
se muestra la ventana.
Se inicia la aplicación.
Creación de la ventana de login
Se registran los listeners.
Se inicia la carga de parametros para conectar con la BD.
Recuperación de los datos para la conexión con la BD
Se intenta leer el archivo de propiedades cfg/conexionBD.properties
se cargó exitosamente
Parámetros de conexión: jdbc:mysql://localhost:3306/vuelos?useSSL=false&allowPublicKeyRetrieval=true&serverTimezone=America/Argentina/Buenos_Aires
Se inicializa la ventana de login.
se registra el controlador.
se muestra la ventana.
Intenta ingresar como Empleado con legajo emp101, password 101
Recupera el usuario de BD para Empleado para poder conectarse con los permisos de dicho usuario.
Ingresa a recuperar el usuarioBD y passwordBD para acceder a la BD del usuario Empleado
usuario empleado, password empleado
Se crea el modelo Empleado.
Se establece la conexión a la BD.
Se intenta autenticar el legajo emp101 con password 101
Hubo un error en la autenticación.
Crea una ventana modal informando: Cannot invoke "java.sql.Connection.createStatement()" because "this.conexion" is null.
Intenta ingresar como Empleado con legajo emp101, password 101
Recupera el usuario de BD para Empleado para poder conectarse con los permisos de dicho usuario.
Ingresa a recuperar el usuarioBD y passwordBD para acceder a la BD del usuario Empleado
usuario empleado, password empleado
Se crea el modelo Empleado.
Se establece la conexión a la BD.
Se intenta autenticar el legajo emp101 con password 101
Hubo un error en la autenticación.
Crea una ventana modal informando: Cannot invoke "java.sql.Connection.createStatement()" because "this.conexion" is null.
Se inicia la aplicación.
Creación de la ventana de login
Se registran los listeners.
Se inicia la carga de parametros para conectar con la BD.
Recuperación de los datos para la conexión con la BD
Se intenta leer el archivo de propiedades cfg/conexionBD.properties
se cargó exitosamente
Parámetros de conexión: jdbc:mysql://localhost:3306/vuelos?useSSL=false&allowPublicKeyRetrieval=true&serverTimezone=America/Argentina/Buenos_Aires
Se inicializa la ventana de login.
se registra el controlador.
se muestra la ventana.
Intenta ingresar como Empleado con legajo 101, password emp101
Recupera el usuario de BD para Empleado para poder conectarse con los permisos de dicho usuario.
Ingresa a recuperar el usuarioBD y passwordBD para acceder a la BD del usuario Empleado
usuario empleado, password empleado
Recuperación de los datos para la conexión con la BD
Se intenta leer el archivo de propiedades cfg/conexionBD.properties
se cargó exitosamente
Parámetros de conexión: jdbc:mysql://localhost:3306/vuelos?useSSL=false&allowPublicKeyRetrieval=true&serverTimezone=America/Argentina/Buenos_Aires
Se establece la conexión a la BD.
Se intenta autenticar el legajo 101 con password emp101
Hubo un error en la autenticación.
Crea una ventana modal informando: Cannot invoke "java.sql.Connection.createStatement()" because "this.conexion" is null.
Intenta ingresar como Empleado con legajo 101, password emp101
Recupera el usuario de BD para Empleado para poder conectarse con los permisos de dicho usuario.
Ingresa a recuperar el usuarioBD y passwordBD para acceder a la BD del usuario Empleado
usuario empleado, password empleado
Recuperación de los datos para la conexión con la BD
Se intenta leer el archivo de propiedades cfg/conexionBD.properties
se cargó exitosamente
Parámetros de conexión: jdbc:mysql://localhost:3306/vuelos?useSSL=false&allowPublicKeyRetrieval=true&serverTimezone=America/Argentina/Buenos_Aires
Se establece la conexión a la BD.
Se intenta autenticar el legajo 101 con password emp101
Hubo un error en la autenticación.
Crea una ventana modal informando: Cannot invoke "java.sql.Connection.createStatement()" because "this.conexion" is null.
Se inicia la aplicación.
Creación de la ventana de login
Se registran los listeners.
Se inicia la carga de parametros para conectar con la BD.
Recuperación de los datos para la conexión con la BD
Se intenta leer el archivo de propiedades cfg/conexionBD.properties
se cargó exitosamente
Parámetros de conexión: jdbc:mysql://localhost:3306/vuelos?useSSL=false&allowPublicKeyRetrieval=true&serverTimezone=America/Argentina/Buenos_Aires
Se inicializa la ventana de login.
se registra el controlador.
se muestra la ventana.
Intenta ingresar como Empleado con legajo 101, password emp101
Recupera el usuario de BD para Empleado para poder conectarse con los permisos de dicho usuario.
Ingresa a recuperar el usuarioBD y passwordBD para acceder a la BD del usuario Empleado
usuario empleado, password empleado
Recuperación de los datos para la conexión con la BD
Se intenta leer el archivo de propiedades cfg/conexionBD.properties
se cargó exitosamente
Parámetros de conexión: jdbc:mysql://localhost:3306/vuelos?useSSL=false&allowPublicKeyRetrieval=true&serverTimezone=America/Argentina/Buenos_Aires
Se intenta leer el archivo de propiedades con los datos del usuario cfg/usuarios.properties
se cargó exitosamente
se recupero el usuario: null y password: null
Se establece la conexión a la BD.
se conectó exitosamente al servido
Se establece la conexión a la BD.
Se intenta autenticar el legajo 101 con password emp101
Hubo un error en la autenticación.
Crea una ventana modal informando: Cannot invoke "java.sql.Connection.createStatement()" because "this.conexion" is null.
Se inicia la aplicación.
Creación de la ventana de login
Se registran los listeners.
Se inicia la carga de parametros para conectar con la BD.
Recuperación de los datos para la conexión con la BD
Se intenta leer el archivo de propiedades cfg/conexionBD.properties
se cargó exitosamente
Parámetros de conexión: jdbc:mysql://localhost:3306/vuelos?useSSL=false&allowPublicKeyRetrieval=true&serverTimezone=America/Argentina/Buenos_Aires
Se inicializa la ventana de login.
se registra el controlador.
se muestra la ventana.
Intenta ingresar como Empleado con legajo 101, password emp101
Recupera el usuario de BD para Empleado para poder conectarse con los permisos de dicho usuario.
Ingresa a recuperar el usuarioBD y passwordBD para acceder a la BD del usuario Empleado
usuario empleado, password empleado
Recuperación de los datos para la conexión con la BD
Se intenta leer el archivo de propiedades cfg/conexionBD.properties
se cargó exitosamente
Parámetros de conexión: jdbc:mysql://localhost:3306/vuelos?useSSL=false&allowPublicKeyRetrieval=true&serverTimezone=America/Argentina/Buenos_Aires
Se intenta leer el archivo de propiedades con los datos del usuario cfg/usuarios.properties
se cargó exitosamente
se recupero el usuario: null y password: null
Se establece la conexión a la BD.
Parametros de conexion: url= jdbc:mysql://localhost:3306/vuelos?useSSL=false&allowPublicKeyRetrieval=true&serverTimezone=America/Argentina/Buenos_Aires, user=null, pass=null
Error al crear la conexión con la base de datos.
SQLException: Access denied for user ''@'localhost' (using password: NO)
SQLState: 28000
VendorError: 1045
se conectó exitosamente al servido
Se establece la conexión a la BD.
Parametros de conexion: url= jdbc:mysql://localhost:3306/vuelos?useSSL=false&allowPublicKeyRetrieval=true&serverTimezone=America/Argentina/Buenos_Aires, user=empleado, pass=empleado
Se establece la conexión con la BD
Se intenta autenticar el legajo 101 con password emp101
Hubo un error en la autenticación.
Crea una ventana modal informando: El usuario o contraseña ingresados son incorrectos..
Intenta ingresar como Empleado con legajo 101, password emp101
Recupera el usuario de BD para Empleado para poder conectarse con los permisos de dicho usuario.
Ingresa a recuperar el usuarioBD y passwordBD para acceder a la BD del usuario Empleado
usuario empleado, password empleado
Recuperación de los datos para la conexión con la BD
Se intenta leer el archivo de propiedades cfg/conexionBD.properties
se cargó exitosamente
Parámetros de conexión: jdbc:mysql://localhost:3306/vuelos?useSSL=false&allowPublicKeyRetrieval=true&serverTimezone=America/Argentina/Buenos_Aires
Se intenta leer el archivo de propiedades con los datos del usuario cfg/usuarios.properties
se cargó exitosamente
se recupero el usuario: null y password: null
Se establece la conexión a la BD.
Parametros de conexion: url= jdbc:mysql://localhost:3306/vuelos?useSSL=false&allowPublicKeyRetrieval=true&serverTimezone=America/Argentina/Buenos_Aires, user=null, pass=null
Error al crear la conexión con la base de datos.
SQLException: Access denied for user ''@'localhost' (using password: NO)
SQLState: 28000
VendorError: 1045
se conectó exitosamente al servido
Se establece la conexión a la BD.
Parametros de conexion: url= jdbc:mysql://localhost:3306/vuelos?useSSL=false&allowPublicKeyRetrieval=true&serverTimezone=America/Argentina/Buenos_Aires, user=empleado, pass=empleado
Se establece la conexión con la BD
Se intenta autenticar el legajo 101 con password emp101
Hubo un error en la autenticación.
Crea una ventana modal informando: El usuario o contraseña ingresados son incorrectos..
Se inicia la aplicación.
Creación de la ventana de login
Se registran los listeners.
Se inicia la carga de parametros para conectar con la BD.
Recuperación de los datos para la conexión con la BD
Se intenta leer el archivo de propiedades cfg/conexionBD.properties
se cargó exitosamente
Parámetros de conexión: jdbc:mysql://localhost:3306/vuelos?useSSL=false&allowPublicKeyRetrieval=true&serverTimezone=America/Argentina/Buenos_Aires
Se inicializa la ventana de login.
se registra el controlador.
se muestra la ventana.
Intenta ingresar como Empleado con legajo 101, password emp101
Recupera el usuario de BD para Empleado para poder conectarse con los permisos de dicho usuario.
Ingresa a recuperar el usuarioBD y passwordBD para acceder a la BD del usuario Empleado
usuario empleado, password empleado
Recuperación de los datos para la conexión con la BD
Se intenta leer el archivo de propiedades cfg/conexionBD.properties
se cargó exitosamente
Parámetros de conexión: jdbc:mysql://localhost:3306/vuelos?useSSL=false&allowPublicKeyRetrieval=true&serverTimezone=America/Argentina/Buenos_Aires
Se intenta leer el archivo de propiedades con los datos del usuario cfg/usuarios.properties
se cargó exitosamente
se recupero el usuario: null y password: null
Se establece la conexión a la BD.
Parametros de conexion: url= jdbc:mysql://localhost:3306/vuelos?useSSL=false&allowPublicKeyRetrieval=true&serverTimezone=America/Argentina/Buenos_Aires, user=null, pass=null
Error al crear la conexión con la base de datos.
SQLException: Access denied for user ''@'localhost' (using password: NO)
SQLState: 28000
VendorError: 1045
se conectó exitosamente al servido
Se establece la conexión a la BD.
Parametros de conexion: url= jdbc:mysql://localhost:3306/vuelos?useSSL=false&allowPublicKeyRetrieval=true&serverTimezone=America/Argentina/Buenos_Aires, user=empleado, pass=empleado
Se establece la conexión con la BD
Se intenta autenticar el legajo 101 con password emp101
Hubo un error en la autenticación.
Crea una ventana modal informando: El usuario o contraseña ingresados son incorrectos..
Se inicia la aplicación.
Creación de la ventana de login
Se registran los listeners.
Se inicia la carga de parametros para conectar con la BD.
Recuperación de los datos para la conexión con la BD
Se intenta leer el archivo de propiedades cfg/conexionBD.properties
se cargó exitosamente
Parámetros de conexión: jdbc:mysql://localhost:3306/vuelos?useSSL=false&allowPublicKeyRetrieval=true&serverTimezone=America/Argentina/Buenos_Aires
Se inicializa la ventana de login.
se registra el controlador.
se muestra la ventana.
Intenta ingresar como Empleado con legajo 101, password emp101
Recupera el usuario de BD para Empleado para poder conectarse con los permisos de dicho usuario.
Ingresa a recuperar el usuarioBD y passwordBD para acceder a la BD del usuario Empleado
usuario empleado, password empleado
Recuperación de los datos para la conexión con la BD
Se intenta leer el archivo de propiedades cfg/conexionBD.properties
se cargó exitosamente
Parámetros de conexión: jdbc:mysql://localhost:3306/vuelos?useSSL=false&allowPublicKeyRetrieval=true&serverTimezone=America/Argentina/Buenos_Aires
Se intenta leer el archivo de propiedades con los datos del usuario cfg/usuarios.properties
se cargó exitosamente
se recupero el usuario: null y password: null
Se establece la conexión a la BD.
Parametros de conexion: url= jdbc:mysql://localhost:3306/vuelos?useSSL=false&allowPublicKeyRetrieval=true&serverTimezone=America/Argentina/Buenos_Aires, user=null, pass=null
Error al crear la conexión con la base de datos.
SQLException: Access denied for user ''@'localhost' (using password: NO)
SQLState: 28000
VendorError: 1045
se conectó exitosamente al servido
Se establece la conexión a la BD.
Parametros de conexion: url= jdbc:mysql://localhost:3306/vuelos?useSSL=false&allowPublicKeyRetrieval=true&serverTimezone=America/Argentina/Buenos_Aires, user=empleado, pass=empleado
Se establece la conexión con la BD
Se intenta autenticar el legajo 101 con password emp101
Empleado 101 autenticado
Inicializacion de la ventana del Empleado
Se registran los listeners.
Se crea el controlador del Empleado.
Transfiere el control al nuevo controlador
Solicita al DAO un empleado con legajo null
No hay un empleado logueado.
No hay un empleado logueado. La sesión terminó.
Crea una ventana modal informando sobre el mensaje.
Informa a la vista que puede eliminar la ventana de login.
Eliminación de la ventana de login.
Saliendo de la aplicación.
Se cierra la conexión a la BD.
Se intenta cerrar la conexión activa
Eliminación de la ventana.
Se inicia la aplicación.
Creación de la ventana de login
Se registran los listeners.
Se inicia la carga de parametros para conectar con la BD.
Recuperación de los datos para la conexión con la BD
Se intenta leer el archivo de propiedades cfg/conexionBD.properties
se cargó exitosamente
Parámetros de conexión: jdbc:mysql://localhost:3306/vuelos?useSSL=false&allowPublicKeyRetrieval=true&serverTimezone=America/Argentina/Buenos_Aires
Se inicializa la ventana de login.
se registra el controlador.
se muestra la ventana.
Intenta ingresar como Empleado con legajo 101, password emp101
Recupera el usuario de BD para Empleado para poder conectarse con los permisos de dicho usuario.
Ingresa a recuperar el usuarioBD y passwordBD para acceder a la BD del usuario Empleado
usuario empleado, password empleado
Recuperación de los datos para la conexión con la BD
Se intenta leer el archivo de propiedades cfg/conexionBD.properties
se cargó exitosamente
Parámetros de conexión: jdbc:mysql://localhost:3306/vuelos?useSSL=false&allowPublicKeyRetrieval=true&serverTimezone=America/Argentina/Buenos_Aires
Se intenta leer el archivo de propiedades con los datos del usuario cfg/usuarios.properties
se cargó exitosamente
se recupero el usuario: null y password: null
Se establece la conexión a la BD.
Parametros de conexion: url= jdbc:mysql://localhost:3306/vuelos?useSSL=false&allowPublicKeyRetrieval=true&serverTimezone=America/Argentina/Buenos_Aires, user=null, pass=null
Error al crear la conexión con la base de datos.
SQLException: Access denied for user ''@'localhost' (using password: NO)
SQLState: 28000
VendorError: 1045
se conectó exitosamente al servido
Se establece la conexión a la BD.
Parametros de conexion: url= jdbc:mysql://localhost:3306/vuelos?useSSL=false&allowPublicKeyRetrieval=true&serverTimezone=America/Argentina/Buenos_Aires, user=empleado, pass=empleado
Se establece la conexión con la BD
Se intenta autenticar el legajo 101 con password emp101
Empleado 101 autenticado
Inicializacion de la ventana del Empleado
Se registran los listeners.
Se crea el controlador del Empleado.
Transfiere el control al nuevo controlador
Solicita al DAO un empleado con legajo null
No hay un empleado logueado.
No hay un empleado logueado. La sesión terminó.
Crea una ventana modal informando sobre el mensaje.
Informa a la vista que puede eliminar la ventana de login.
Eliminación de la ventana de login.
Saliendo de la aplicación.
Se cierra la conexión a la BD.
Se intenta cerrar la conexión activa
Eliminación de la ventana.
Se inicia la aplicación.
Creación de la ventana de login
Se registran los listeners.
Se inicia la carga de parametros para conectar con la BD.
Recuperación de los datos para la conexión con la BD
Se intenta leer el archivo de propiedades cfg/conexionBD.properties
se cargó exitosamente
Parámetros de conexión: jdbc:mysql://localhost:3306/vuelos?useSSL=false&allowPublicKeyRetrieval=true&serverTimezone=America/Argentina/Buenos_Aires
Se inicializa la ventana de login.
se registra el controlador.
se muestra la ventana.
Intenta ingresar como Empleado con legajo 101, password emp101
Recupera el usuario de BD para Empleado para poder conectarse con los permisos de dicho usuario.
Ingresa a recuperar el usuarioBD y passwordBD para acceder a la BD del usuario Empleado
usuario empleado, password empleado
Recuperación de los datos para la conexión con la BD
Se intenta leer el archivo de propiedades cfg/conexionBD.properties
se cargó exitosamente
Parámetros de conexión: jdbc:mysql://localhost:3306/vuelos?useSSL=false&allowPublicKeyRetrieval=true&serverTimezone=America/Argentina/Buenos_Aires
Se establece la conexión a la BD.
Parametros de conexion: url= jdbc:mysql://localhost:3306/vuelos?useSSL=false&allowPublicKeyRetrieval=true&serverTimezone=America/Argentina/Buenos_Aires, user=empleado, pass=empleado
Se establece la conexión con la BD
Se intenta autenticar el legajo 101 con password emp101
Empleado 101 autenticado
Inicializacion de la ventana del Empleado
Se registran los listeners.
Se crea el controlador del Empleado.
Transfiere el control al nuevo controlador
Solicita al DAO un empleado con legajo null
No hay un empleado logueado.
No hay un empleado logueado. La sesión terminó.
Crea una ventana modal informando sobre el mensaje.
Informa a la vista que puede eliminar la ventana de login.
Eliminación de la ventana de login.
Saliendo de la aplicación.
Se cierra la conexión a la BD.
Se intenta cerrar la conexión activa
Eliminación de la ventana.
Se inicia la aplicación.
Creación de la ventana de login
Se registran los listeners.
Se inicia la carga de parametros para conectar con la BD.
Recuperación de los datos para la conexión con la BD
Se intenta leer el archivo de propiedades cfg/conexionBD.properties
se cargó exitosamente
Parámetros de conexión: jdbc:mysql://localhost:3306/vuelos?useSSL=false&allowPublicKeyRetrieval=true&serverTimezone=America/Argentina/Buenos_Aires
Se inicializa la ventana de login.
se registra el controlador.
se muestra la ventana.
Intenta ingresar como Empleado con legajo 101, password emp101
Recupera el usuario de BD para Empleado para poder conectarse con los permisos de dicho usuario.
Ingresa a recuperar el usuarioBD y passwordBD para acceder a la BD del usuario Empleado
usuario empleado, password empleado
Recuperación de los datos para la conexión con la BD
Se intenta leer el archivo de propiedades cfg/conexionBD.properties
se cargó exitosamente
Parámetros de conexión: jdbc:mysql://localhost:3306/vuelos?useSSL=false&allowPublicKeyRetrieval=true&serverTimezone=America/Argentina/Buenos_Aires
Se establece la conexión a la BD.
Parametros de conexion: url= jdbc:mysql://localhost:3306/vuelos?useSSL=false&allowPublicKeyRetrieval=true&serverTimezone=America/Argentina/Buenos_Aires, user=empleado, pass=empleado
Se establece la conexión con la BD
Se intenta autenticar el legajo 101 con password emp101
Se intenta leer el archivo de propiedades con los datos del usuario cfg/usuarios.properties
se cargó exitosamente
se recupero el usuario: null y password: null
Se establece la conexión a la BD.
Parametros de conexion: url= jdbc:mysql://localhost:3306/vuelos?useSSL=false&allowPublicKeyRetrieval=true&serverTimezone=America/Argentina/Buenos_Aires, user=null, pass=null
Error al crear la conexión con la base de datos.
SQLException: Access denied for user ''@'localhost' (using password: NO)
SQLState: 28000
VendorError: 1045
se conectó exitosamente al servido
Empleado 101 autenticado
Inicializacion de la ventana del Empleado
Se registran los listeners.
Se crea el controlador del Empleado.
Transfiere el control al nuevo controlador
Solicita al DAO un empleado con legajo null
No hay un empleado logueado.
No hay un empleado logueado. La sesión terminó.
Crea una ventana modal informando sobre el mensaje.
Informa a la vista que puede eliminar la ventana de login.
Eliminación de la ventana de login.
Saliendo de la aplicación.
Se cierra la conexión a la BD.
Se intenta cerrar la conexión activa
Eliminación de la ventana.
Se inicia la aplicación.
Creación de la ventana de login
Se registran los listeners.
Se inicia la carga de parametros para conectar con la BD.
Recuperación de los datos para la conexión con la BD
Se intenta leer el archivo de propiedades cfg/conexionBD.properties
se cargó exitosamente
Parámetros de conexión: jdbc:mysql://localhost:3306/vuelos?useSSL=false&allowPublicKeyRetrieval=true&serverTimezone=America/Argentina/Buenos_Aires
Se inicializa la ventana de login.
se registra el controlador.
se muestra la ventana.
Intenta ingresar como Empleado con legajo 101, password 
Recupera el usuario de BD para Empleado para poder conectarse con los permisos de dicho usuario.
Ingresa a recuperar el usuarioBD y passwordBD para acceder a la BD del usuario Empleado
usuario empleado, password empleado
Recuperación de los datos para la conexión con la BD
Se intenta leer el archivo de propiedades cfg/conexionBD.properties
se cargó exitosamente
Parámetros de conexión: jdbc:mysql://localhost:3306/vuelos?useSSL=false&allowPublicKeyRetrieval=true&serverTimezone=America/Argentina/Buenos_Aires
Se establece la conexión a la BD.
Parametros de conexion: url= jdbc:mysql://localhost:3306/vuelos?useSSL=false&allowPublicKeyRetrieval=true&serverTimezone=America/Argentina/Buenos_Aires, user=empleado, pass=empleado
Se establece la conexión con la BD
Se intenta autenticar el legajo 101 con password 
Hubo un error en la autenticación.
Crea una ventana modal informando: El usuario o contraseña ingresados son incorrectos..
Intenta ingresar como Empleado con legajo 101, password emp101
Recupera el usuario de BD para Empleado para poder conectarse con los permisos de dicho usuario.
Ingresa a recuperar el usuarioBD y passwordBD para acceder a la BD del usuario Empleado
usuario empleado, password empleado
Recuperación de los datos para la conexión con la BD
Se intenta leer el archivo de propiedades cfg/conexionBD.properties
se cargó exitosamente
Parámetros de conexión: jdbc:mysql://localhost:3306/vuelos?useSSL=false&allowPublicKeyRetrieval=true&serverTimezone=America/Argentina/Buenos_Aires
Se establece la conexión a la BD.
Parametros de conexion: url= jdbc:mysql://localhost:3306/vuelos?useSSL=false&allowPublicKeyRetrieval=true&serverTimezone=America/Argentina/Buenos_Aires, user=empleado, pass=empleado
Se establece la conexión con la BD
Se intenta autenticar el legajo 101 con password emp101
Se intenta leer el archivo de propiedades con los datos del usuario cfg/usuarios.properties
se cargó exitosamente
se recupero el usuario: null y password: null
Se establece la conexión a la BD.
Parametros de conexion: url= jdbc:mysql://localhost:3306/vuelos?useSSL=false&allowPublicKeyRetrieval=true&serverTimezone=America/Argentina/Buenos_Aires, user=null, pass=null
Error al crear la conexión con la base de datos.
SQLException: Access denied for user ''@'localhost' (using password: NO)
SQLState: 28000
VendorError: 1045
se conectó exitosamente al servido
Empleado 101 autenticado
Inicializacion de la ventana del Empleado
Se registran los listeners.
Se crea el controlador del Empleado.
Transfiere el control al nuevo controlador
Solicita al DAO un empleado con legajo null
No hay un empleado logueado.
No hay un empleado logueado. La sesión terminó.
Crea una ventana modal informando sobre el mensaje.
Informa a la vista que puede eliminar la ventana de login.
Eliminación de la ventana de login.
Saliendo de la aplicación.
Se cierra la conexión a la BD.
Se intenta cerrar la conexión activa
Eliminación de la ventana.
Se inicia la aplicación.
Creación de la ventana de login
Se registran los listeners.
Se inicia la carga de parametros para conectar con la BD.
Recuperación de los datos para la conexión con la BD
Se intenta leer el archivo de propiedades cfg/conexionBD.properties
se cargó exitosamente
Parámetros de conexión: jdbc:mysql://localhost:3306/vuelos?useSSL=false&allowPublicKeyRetrieval=true&serverTimezone=America/Argentina/Buenos_Aires
Se inicializa la ventana de login.
se registra el controlador.
se muestra la ventana.
Intenta ingresar como Empleado con legajo 101, password emp101
Recupera el usuario de BD para Empleado para poder conectarse con los permisos de dicho usuario.
Ingresa a recuperar el usuarioBD y passwordBD para acceder a la BD del usuario Empleado
usuario empleado, password empleado
Recuperación de los datos para la conexión con la BD
Se intenta leer el archivo de propiedades cfg/conexionBD.properties
se cargó exitosamente
Parámetros de conexión: jdbc:mysql://localhost:3306/vuelos?useSSL=false&allowPublicKeyRetrieval=true&serverTimezone=America/Argentina/Buenos_Aires
Se intenta leer el archivo de propiedades con los datos del usuario cfg/usuarios.properties
se cargó exitosamente
se recupero el usuario: null y password: null
Se establece la conexión a la BD.
Parametros de conexion: url= jdbc:mysql://localhost:3306/vuelos?useSSL=false&allowPublicKeyRetrieval=true&serverTimezone=America/Argentina/Buenos_Aires, user=null, pass=null
Error al crear la conexión con la base de datos.
SQLException: Access denied for user ''@'localhost' (using password: NO)
SQLState: 28000
VendorError: 1045
se conectó exitosamente al servido
Se establece la conexión a la BD.
Parametros de conexion: url= jdbc:mysql://localhost:3306/vuelos?useSSL=false&allowPublicKeyRetrieval=true&serverTimezone=America/Argentina/Buenos_Aires, user=empleado, pass=empleado
Se establece la conexión con la BD
Se intenta autenticar el legajo 101 con password emp101
Empleado 101 autenticado
Inicializacion de la ventana del Empleado
Se registran los listeners.
Se crea el controlador del Empleado.
Transfiere el control al nuevo controlador
Solicita al DAO un empleado con legajo null
No hay un empleado logueado.
No hay un empleado logueado. La sesión terminó.
Crea una ventana modal informando sobre el mensaje.
Informa a la vista que puede eliminar la ventana de login.
Eliminación de la ventana de login.
Saliendo de la aplicación.
Se cierra la conexión a la BD.
Se intenta cerrar la conexión activa
Eliminación de la ventana.
Se inicia la aplicación.
Creación de la ventana de login
Se registran los listeners.
Se inicia la carga de parametros para conectar con la BD.
Recuperación de los datos para la conexión con la BD
Se intenta leer el archivo de propiedades cfg/conexionBD.properties
se cargó exitosamente
Parámetros de conexión: jdbc:mysql://localhost:3306/vuelos?useSSL=false&allowPublicKeyRetrieval=true&serverTimezone=America/Argentina/Buenos_Aires
Se inicializa la ventana de login.
se registra el controlador.
se muestra la ventana.
Intenta ingresar como Empleado con legajo 101, password 
Recupera el usuario de BD para Empleado para poder conectarse con los permisos de dicho usuario.
Ingresa a recuperar el usuarioBD y passwordBD para acceder a la BD del usuario Empleado
usuario empleado, password empleado
Recuperación de los datos para la conexión con la BD
Se intenta leer el archivo de propiedades cfg/conexionBD.properties
se cargó exitosamente
Parámetros de conexión: jdbc:mysql://localhost:3306/vuelos?useSSL=false&allowPublicKeyRetrieval=true&serverTimezone=America/Argentina/Buenos_Aires
Se establece la conexión a la BD.
Parametros de conexion: url= jdbc:mysql://localhost:3306/vuelos?useSSL=false&allowPublicKeyRetrieval=true&serverTimezone=America/Argentina/Buenos_Aires, user=empleado, pass=empleado
Se establece la conexión con la BD
Se intenta autenticar el legajo 101 con password 
Hubo un error en la autenticación.
Crea una ventana modal informando: El usuario o contraseña ingresados son incorrectos..
Intenta ingresar como Empleado con legajo 101, password emp101
Recupera el usuario de BD para Empleado para poder conectarse con los permisos de dicho usuario.
Ingresa a recuperar el usuarioBD y passwordBD para acceder a la BD del usuario Empleado
usuario empleado, password empleado
Recuperación de los datos para la conexión con la BD
Se intenta leer el archivo de propiedades cfg/conexionBD.properties
se cargó exitosamente
Parámetros de conexión: jdbc:mysql://localhost:3306/vuelos?useSSL=false&allowPublicKeyRetrieval=true&serverTimezone=America/Argentina/Buenos_Aires
Se establece la conexión a la BD.
Parametros de conexion: url= jdbc:mysql://localhost:3306/vuelos?useSSL=false&allowPublicKeyRetrieval=true&serverTimezone=America/Argentina/Buenos_Aires, user=empleado, pass=empleado
Se establece la conexión con la BD
Se intenta autenticar el legajo 101 con password emp101
Empleado 101 autenticado
Inicializacion de la ventana del Empleado
Se registran los listeners.
Se crea el controlador del Empleado.
Transfiere el control al nuevo controlador
Solicita al DAO un empleado con legajo 101
recupera el empleado que corresponde al legajo 101.
Se registra al empleado ApEmp9, NomEmp9 con legajo 9
muestra la ventana
Recuperar del modelo los destinos posibles
recupera las ciudades que tienen aeropuertos.
informar a la ventana los destinos posibles
Carga los combos de ciudades con las 4 ubicaciones recuperados
Muestra el panel de consulta/reserva de vuelos.
Informa a la vista que puede eliminar la ventana de login.
Eliminación de la ventana de login.
Saliendo de la aplicación.
Se cierra la conexión a la BD.
Se intenta cerrar la conexión activa
Eliminación de la ventana.
Se inicia la aplicación.
Creación de la ventana de login
Se registran los listeners.
Se inicia la carga de parametros para conectar con la BD.
Recuperación de los datos para la conexión con la BD
Se intenta leer el archivo de propiedades cfg/conexionBD.properties
se cargó exitosamente
Parámetros de conexión: jdbc:mysql://localhost:3306/vuelos?useSSL=false&allowPublicKeyRetrieval=true&serverTimezone=America/Argentina/Buenos_Aires
Se inicializa la ventana de login.
se registra el controlador.
se muestra la ventana.
Intenta ingresar como Empleado con legajo 101, password emp101
Recupera el usuario de BD para Empleado para poder conectarse con los permisos de dicho usuario.
Ingresa a recuperar el usuarioBD y passwordBD para acceder a la BD del usuario Empleado
usuario empleado, password empleado
Recuperación de los datos para la conexión con la BD
Se intenta leer el archivo de propiedades cfg/conexionBD.properties
se cargó exitosamente
Parámetros de conexión: jdbc:mysql://localhost:3306/vuelos?useSSL=false&allowPublicKeyRetrieval=true&serverTimezone=America/Argentina/Buenos_Aires
Se establece la conexión a la BD.
Parametros de conexion: url= jdbc:mysql://localhost:3306/vuelos?useSSL=false&allowPublicKeyRetrieval=true&serverTimezone=America/Argentina/Buenos_Aires, user=empleado, pass=empleado
Se establece la conexión con la BD
Se intenta autenticar el legajo 101 con password emp101
Se intenta realizar la siguiente consulta SELECT * FROM empleados WHERE legajo = '101' and password = md5('emp101')
Hubo un error en la autenticación.
Crea una ventana modal informando: Operation not allowed after ResultSet closed.
Se inicia la aplicación.
Creación de la ventana de login
Se registran los listeners.
Se inicia la carga de parametros para conectar con la BD.
Recuperación de los datos para la conexión con la BD
Se intenta leer el archivo de propiedades cfg/conexionBD.properties
se cargó exitosamente
Parámetros de conexión: jdbc:mysql://localhost:3306/vuelos?useSSL=false&allowPublicKeyRetrieval=true&serverTimezone=America/Argentina/Buenos_Aires
Se inicializa la ventana de login.
se registra el controlador.
se muestra la ventana.
Intenta ingresar como Empleado con legajo 101, password emp101
Recupera el usuario de BD para Empleado para poder conectarse con los permisos de dicho usuario.
Ingresa a recuperar el usuarioBD y passwordBD para acceder a la BD del usuario Empleado
usuario empleado, password empleado
Recuperación de los datos para la conexión con la BD
Se intenta leer el archivo de propiedades cfg/conexionBD.properties
se cargó exitosamente
Parámetros de conexión: jdbc:mysql://localhost:3306/vuelos?useSSL=false&allowPublicKeyRetrieval=true&serverTimezone=America/Argentina/Buenos_Aires
Se establece la conexión a la BD.
Parametros de conexion: url= jdbc:mysql://localhost:3306/vuelos?useSSL=false&allowPublicKeyRetrieval=true&serverTimezone=America/Argentina/Buenos_Aires, user=empleado, pass=empleado
Se establece la conexión con la BD
Se intenta autenticar el legajo 101 con password emp101
Se intenta realizar la siguiente consulta SELECT * FROM empleados WHERE legajo = '101' and password = md5('emp101')
Hubo un error en la autenticación.
Crea una ventana modal informando: Operation not allowed after ResultSet closed.
Se inicia la aplicación.
Creación de la ventana de login
Se registran los listeners.
Se inicia la carga de parametros para conectar con la BD.
Recuperación de los datos para la conexión con la BD
Se intenta leer el archivo de propiedades cfg/conexionBD.properties
se cargó exitosamente
Parámetros de conexión: jdbc:mysql://localhost:3306/vuelos?useSSL=false&allowPublicKeyRetrieval=true&serverTimezone=America/Argentina/Buenos_Aires
Se inicializa la ventana de login.
se registra el controlador.
se muestra la ventana.
Intenta ingresar como Empleado con legajo 101, password 
Recupera el usuario de BD para Empleado para poder conectarse con los permisos de dicho usuario.
Ingresa a recuperar el usuarioBD y passwordBD para acceder a la BD del usuario Empleado
usuario empleado, password empleado
Recuperación de los datos para la conexión con la BD
Se intenta leer el archivo de propiedades cfg/conexionBD.properties
se cargó exitosamente
Parámetros de conexión: jdbc:mysql://localhost:3306/vuelos?useSSL=false&allowPublicKeyRetrieval=true&serverTimezone=America/Argentina/Buenos_Aires
Se establece la conexión a la BD.
Parametros de conexion: url= jdbc:mysql://localhost:3306/vuelos?useSSL=false&allowPublicKeyRetrieval=true&serverTimezone=America/Argentina/Buenos_Aires, user=empleado, pass=empleado
Se establece la conexión con la BD
Se intenta autenticar el legajo 101 con password 
Se intenta realizar la siguiente consulta SELECT * FROM empleados WHERE legajo = '101' and password = md5('')
Hubo un error en la autenticación.
Crea una ventana modal informando: El usuario o contraseña ingresados son incorrectos..
Intenta ingresar como Empleado con legajo 101, password emp101
Recupera el usuario de BD para Empleado para poder conectarse con los permisos de dicho usuario.
Ingresa a recuperar el usuarioBD y passwordBD para acceder a la BD del usuario Empleado
usuario empleado, password empleado
Recuperación de los datos para la conexión con la BD
Se intenta leer el archivo de propiedades cfg/conexionBD.properties
se cargó exitosamente
Parámetros de conexión: jdbc:mysql://localhost:3306/vuelos?useSSL=false&allowPublicKeyRetrieval=true&serverTimezone=America/Argentina/Buenos_Aires
Se establece la conexión a la BD.
Parametros de conexion: url= jdbc:mysql://localhost:3306/vuelos?useSSL=false&allowPublicKeyRetrieval=true&serverTimezone=America/Argentina/Buenos_Aires, user=empleado, pass=empleado
Se establece la conexión con la BD
Se intenta autenticar el legajo 101 con password emp101
Se intenta realizar la siguiente consulta SELECT * FROM empleados WHERE legajo = '101' and password = md5('emp101')
Empleado 101 autenticado
Inicializacion de la ventana del Empleado
Se registran los listeners.
Se crea el controlador del Empleado.
Transfiere el control al nuevo controlador
Solicita al DAO un empleado con legajo 101
recupera el empleado que corresponde al legajo 101.
Se registra al empleado ApEmp9, NomEmp9 con legajo 9
muestra la ventana
Recuperar del modelo los destinos posibles
recupera las ciudades que tienen aeropuertos.
informar a la ventana los destinos posibles
Carga los combos de ciudades con las 4 ubicaciones recuperados
Muestra el panel de consulta/reserva de vuelos.
Informa a la vista que puede eliminar la ventana de login.
Eliminación de la ventana de login.
Saliendo de la aplicación.
Se cierra la conexión a la BD.
Se intenta cerrar la conexión activa
Eliminación de la ventana.
Se inicia la aplicación.
Creación de la ventana de login
Se registran los listeners.
Se inicia la carga de parametros para conectar con la BD.
Recuperación de los datos para la conexión con la BD
Se intenta leer el archivo de propiedades cfg/conexionBD.properties
se cargó exitosamente
Parámetros de conexión: jdbc:mysql://localhost:3306/vuelos?useSSL=false&allowPublicKeyRetrieval=true&serverTimezone=America/Argentina/Buenos_Aires
Se inicializa la ventana de login.
se registra el controlador.
se muestra la ventana.
Intenta ingresar como Empleado con legajo 101, password emp101
Recupera el usuario de BD para Empleado para poder conectarse con los permisos de dicho usuario.
Ingresa a recuperar el usuarioBD y passwordBD para acceder a la BD del usuario Empleado
usuario empleado, password empleado
Recuperación de los datos para la conexión con la BD
Se intenta leer el archivo de propiedades cfg/conexionBD.properties
se cargó exitosamente
Parámetros de conexión: jdbc:mysql://localhost:3306/vuelos?useSSL=false&allowPublicKeyRetrieval=true&serverTimezone=America/Argentina/Buenos_Aires
Se establece la conexión a la BD.
Parametros de conexion: url= jdbc:mysql://localhost:3306/vuelos?useSSL=false&allowPublicKeyRetrieval=true&serverTimezone=America/Argentina/Buenos_Aires, user=empleado, pass=empleado
Se establece la conexión con la BD
Se intenta autenticar el legajo 101 con password emp101
Se intenta realizar la siguiente consulta SELECT * FROM empleados WHERE legajo = '101' and password = md5('emp101')
Hubo un error en la autenticación.
Crea una ventana modal informando: Operation not allowed on closed ResultSet..
Se inicia la aplicación.
Creación de la ventana de login
Se registran los listeners.
Se inicia la carga de parametros para conectar con la BD.
Recuperación de los datos para la conexión con la BD
Se intenta leer el archivo de propiedades cfg/conexionBD.properties
se cargó exitosamente
Parámetros de conexión: jdbc:mysql://localhost:3306/vuelos?useSSL=false&allowPublicKeyRetrieval=true&serverTimezone=America/Argentina/Buenos_Aires
Se inicializa la ventana de login.
se registra el controlador.
se muestra la ventana.
Intenta ingresar como Empleado con legajo 101, password emp101
Recupera el usuario de BD para Empleado para poder conectarse con los permisos de dicho usuario.
Ingresa a recuperar el usuarioBD y passwordBD para acceder a la BD del usuario Empleado
usuario empleado, password empleado
Recuperación de los datos para la conexión con la BD
Se intenta leer el archivo de propiedades cfg/conexionBD.properties
se cargó exitosamente
Parámetros de conexión: jdbc:mysql://localhost:3306/vuelos?useSSL=false&allowPublicKeyRetrieval=true&serverTimezone=America/Argentina/Buenos_Aires
Se establece la conexión a la BD.
Parametros de conexion: url= jdbc:mysql://localhost:3306/vuelos?useSSL=false&allowPublicKeyRetrieval=true&serverTimezone=America/Argentina/Buenos_Aires, user=empleado, pass=empleado
Se establece la conexión con la BD
Se intenta autenticar el legajo 101 con password emp101
Se intenta realizar la siguiente consulta SELECT * FROM empleados WHERE legajo = '101' and password = md5('emp101')
Empleado 101 autenticado
Inicializacion de la ventana del Empleado
Se registran los listeners.
Se crea el controlador del Empleado.
Transfiere el control al nuevo controlador
Solicita al DAO un empleado con legajo 101
recupera el empleado que corresponde al legajo 101.
Se registra al empleado ApEmp9, NomEmp9 con legajo 9
muestra la ventana
Recuperar del modelo los destinos posibles
recupera las ciudades que tienen aeropuertos.
informar a la ventana los destinos posibles
Carga los combos de ciudades con las 4 ubicaciones recuperados
Muestra el panel de consulta/reserva de vuelos.
Informa a la vista que puede eliminar la ventana de login.
Eliminación de la ventana de login.
Saliendo de la aplicación.
Se cierra la conexión a la BD.
Se intenta cerrar la conexión activa
Eliminación de la ventana.
Se inicia la aplicación.
Creación de la ventana de login
Se registran los listeners.
Se inicia la carga de parametros para conectar con la BD.
Recuperación de los datos para la conexión con la BD
Se intenta leer el archivo de propiedades cfg/conexionBD.properties
se cargó exitosamente
Parámetros de conexión: jdbc:mysql://localhost:3306/vuelos?useSSL=false&allowPublicKeyRetrieval=true&serverTimezone=America/Argentina/Buenos_Aires
Se inicializa la ventana de login.
se registra el controlador.
se muestra la ventana.
Intenta ingresar como Empleado con legajo 101, password emp101
Recupera el usuario de BD para Empleado para poder conectarse con los permisos de dicho usuario.
Ingresa a recuperar el usuarioBD y passwordBD para acceder a la BD del usuario Empleado
usuario empleado, password empleado
Recuperación de los datos para la conexión con la BD
Se intenta leer el archivo de propiedades cfg/conexionBD.properties
se cargó exitosamente
Parámetros de conexión: jdbc:mysql://localhost:3306/vuelos?useSSL=false&allowPublicKeyRetrieval=true&serverTimezone=America/Argentina/Buenos_Aires
Se establece la conexión a la BD.
Parametros de conexion: url= jdbc:mysql://localhost:3306/vuelos?useSSL=false&allowPublicKeyRetrieval=true&serverTimezone=America/Argentina/Buenos_Aires, user=empleado, pass=empleado
Se establece la conexión con la BD
Se intenta autenticar el legajo 101 con password emp101
Se intenta realizar la siguiente consulta SELECT * FROM empleados WHERE legajo = '101' and password = md5('emp101')
Empleado 101 autenticado
Inicializacion de la ventana del Empleado
Se registran los listeners.
Se crea el controlador del Empleado.
Transfiere el control al nuevo controlador
Solicita al DAO un empleado con legajo 101
recupera el empleado que corresponde al legajo 101.
Se registra al empleado ApEmp9, NomEmp9 con legajo 9
muestra la ventana
Recuperar del modelo los destinos posibles
recupera las ciudades que tienen aeropuertos.
informar a la ventana los destinos posibles
Carga los combos de ciudades con las 4 ubicaciones recuperados
Muestra el panel de consulta/reserva de vuelos.
Informa a la vista que puede eliminar la ventana de login.
Eliminación de la ventana de login.
Saliendo de la aplicación.
Se cierra la conexión a la BD.
Se intenta cerrar la conexión activa
Eliminación de la ventana.
